
> eso-timeline@0.1.0 lint
> tsc

node_modules/csstype/index.d.ts(8687,18): error TS2430: Interface 'Properties<TLength, TTime>' incorrectly extends interface 'StandardProperties<TLength, TTime>'.
  Types of property 'rotate' are incompatible.
    Type 'number | Rotate' is not assignable to type 'Rotate'.
      Type 'number' is not assignable to type 'Rotate'.
node_modules/csstype/index.d.ts(17371,18): error TS2430: Interface 'PropertiesHyphen<TLength, TTime>' incorrectly extends interface 'StandardPropertiesHyphen<TLength, TTime>'.
  Types of property 'rotate' are incompatible.
    Type 'number | Rotate' is not assignable to type 'Rotate'.
src/easing/utils/create-generator-easing.ts(1,24): error TS2307: Cannot find module '../../animation/generators/spring' or its corresponding type declarations.
src/easing/utils/create-generator-easing.ts(5,8): error TS2307: Cannot find module '../../animation/generators/utils/calc-duration' or its corresponding type declarations.
src/easing/utils/create-generator-easing.ts(6,28): error TS2307: Cannot find module '../../animation/types' or its corresponding type declarations.
src/easing/utils/create-generator-easing.ts(7,39): error TS2307: Cannot find module '../../utils/time-conversion' or its corresponding type declarations.
src/easing/utils/get-easing-for-segment.ts(1,22): error TS2307: Cannot find module '../../utils/wrap' or its corresponding type declarations.
src/legacy/channels/channel-perso.ts(51,20): error TS2339: Property 'store' does not exist on type 'Set<string>'.
src/legacy/clock.ts(65,42): error TS2339: Property 'store' does not exist on type 'Set<Cb>'.
src/legacy/clock.ts(98,7): error TS2339: Property 'store' does not exist on type 'Set<Cb>'.
src/legacy/clock.ts(106,13): error TS2339: Property 'store' does not exist on type 'Set<Cb>'.
src/legacy/clock.ts(112,56): error TS2339: Property 'store' does not exist on type 'Set<Cb>'.
src/legacy/clock.ts(120,13): error TS2339: Property 'store' does not exist on type 'Set<Cb>'.
src/legacy/demos/cues_0230_04/cues_0230_three.ts(1,20): error TS2305: Module '"../../../types"' has no exported member 'PersoElementType'.
src/legacy/demos/old/demo10.ts(1,24): error TS2307: Cannot find module '../tracks' or its corresponding type declarations.
src/legacy/demos/old/demo10.ts(2,23): error TS2307: Cannot find module '../tracks/timeline' or its corresponding type declarations.
src/legacy/demos/old/demo10.ts(4,29): error TS2307: Cannot find module '../common/constants' or its corresponding type declarations.
src/legacy/demos/old/demo10.ts(6,31): error TS2307: Cannot find module '../types' or its corresponding type declarations.
src/legacy/demos/old/demo11.ts(1,35): error TS2307: Cannot find module '../common/constants' or its corresponding type declarations.
src/legacy/demos/old/demo11.ts(2,23): error TS2307: Cannot find module '../tracks/timeline' or its corresponding type declarations.
src/legacy/demos/old/demo11.ts(3,26): error TS2307: Cannot find module './timeline' or its corresponding type declarations.
src/legacy/demos/old/demo11.ts(5,29): error TS2307: Cannot find module './create-telco' or its corresponding type declarations.
src/legacy/demos/old/demo11.ts(6,34): error TS2307: Cannot find module '../types' or its corresponding type declarations.
src/legacy/demos/old/demo11.ts(7,38): error TS2307: Cannot find module '../types' or its corresponding type declarations.
src/legacy/demos/old/demo11.ts(107,8): error TS2339: Property 'tracks' does not exist on type 'Telco'.
src/legacy/demos/old/demo11.ts(108,34): error TS2339: Property 'tracks' does not exist on type 'Telco'.
src/legacy/demos/old/demo11.ts(118,8): error TS2339: Property 'tracks' does not exist on type 'Telco'.
src/legacy/demos/old/demo11.ts(119,35): error TS2339: Property 'tracks' does not exist on type 'Telco'.
src/legacy/demos/old/demo11.ts(133,25): error TS2554: Expected 0 arguments, but got 1.
src/legacy/demos/old/demo12.ts(1,23): error TS2307: Cannot find module '../tracks' or its corresponding type declarations.
src/legacy/demos/old/demo12.ts(2,29): error TS2307: Cannot find module './create-telco' or its corresponding type declarations.
src/legacy/demos/old/demo12.ts(3,26): error TS2307: Cannot find module '../tracks/timeline' or its corresponding type declarations.
src/legacy/demos/old/demo12.ts(5,34): error TS2307: Cannot find module '../types' or its corresponding type declarations.
src/legacy/demos/old/demo12.ts(6,49): error TS2307: Cannot find module '../common/constants' or its corresponding type declarations.
src/legacy/demos/old/demo12.ts(8,47): error TS2307: Cannot find module '../types' or its corresponding type declarations.
src/legacy/demos/old/demo12.ts(258,8): error TS2339: Property 'tracks' does not exist on type 'Telco'.
src/legacy/demos/old/demo12.ts(268,8): error TS2339: Property 'tracks' does not exist on type 'Telco'.
src/legacy/demos/old/demo12.ts(282,25): error TS2554: Expected 0 arguments, but got 1.
src/legacy/demos/old/demo13.ts(1,29): error TS2307: Cannot find module './create-telco' or its corresponding type declarations.
src/legacy/demos/old/demo13.ts(2,26): error TS2307: Cannot find module '../tracks/timeline' or its corresponding type declarations.
src/legacy/demos/old/demo13.ts(3,32): error TS2307: Cannot find module '../tracks' or its corresponding type declarations.
src/legacy/demos/old/demo13.ts(5,34): error TS2307: Cannot find module '../types' or its corresponding type declarations.
src/legacy/demos/old/demo13.ts(6,80): error TS2307: Cannot find module '../common/constants' or its corresponding type declarations.
src/legacy/demos/old/demo13.ts(8,47): error TS2307: Cannot find module '../types' or its corresponding type declarations.
src/legacy/demos/old/demo13.ts(11,20): error TS2307: Cannot find module '../clock' or its corresponding type declarations.
src/legacy/demos/old/demo13.ts(251,8): error TS2339: Property 'tracks' does not exist on type 'Telco'.
src/legacy/demos/old/demo13.ts(258,8): error TS2339: Property 'tracks' does not exist on type 'Telco'.
src/legacy/demos/old/demo13.ts(266,8): error TS2339: Property 'tracks' does not exist on type 'Telco'.
src/legacy/demos/old/demo13.ts(270,8): error TS2339: Property 'tracks' does not exist on type 'Telco'.
src/legacy/demos/old/demo13.ts(274,8): error TS2339: Property 'tracks' does not exist on type 'Telco'.
src/legacy/demos/old/demo13.ts(283,25): error TS2554: Expected 0 arguments, but got 1.
src/legacy/demos/old/demo14.ts(1,34): error TS2307: Cannot find module '../tracks' or its corresponding type declarations.
src/legacy/demos/old/demo14.ts(2,29): error TS2307: Cannot find module './create-telco' or its corresponding type declarations.
src/legacy/demos/old/demo14.ts(3,26): error TS2307: Cannot find module '../tracks/timeline' or its corresponding type declarations.
src/legacy/demos/old/demo14.ts(5,34): error TS2307: Cannot find module '../types' or its corresponding type declarations.
src/legacy/demos/old/demo14.ts(6,55): error TS2307: Cannot find module '../common/constants' or its corresponding type declarations.
src/legacy/demos/old/demo14.ts(8,47): error TS2307: Cannot find module '../types' or its corresponding type declarations.
src/legacy/demos/old/demo14.ts(99,8): error TS2339: Property 'tracks' does not exist on type 'Telco'.
src/legacy/demos/old/demo14.ts(109,8): error TS2339: Property 'tracks' does not exist on type 'Telco'.
src/legacy/demos/old/demo14.ts(126,25): error TS2554: Expected 0 arguments, but got 1.
src/legacy/demos/old/demo15.ts(1,34): error TS2307: Cannot find module '../tracks' or its corresponding type declarations.
src/legacy/demos/old/demo15.ts(2,29): error TS2307: Cannot find module './create-telco' or its corresponding type declarations.
src/legacy/demos/old/demo15.ts(3,26): error TS2307: Cannot find module '../tracks/timeline' or its corresponding type declarations.
src/legacy/demos/old/demo15.ts(5,34): error TS2307: Cannot find module '../types' or its corresponding type declarations.
src/legacy/demos/old/demo15.ts(6,55): error TS2307: Cannot find module '../common/constants' or its corresponding type declarations.
src/legacy/demos/old/demo15.ts(8,47): error TS2307: Cannot find module '../types' or its corresponding type declarations.
src/legacy/demos/old/demo15.ts(110,8): error TS2339: Property 'tracks' does not exist on type 'Telco'.
src/legacy/demos/old/demo15.ts(120,8): error TS2339: Property 'tracks' does not exist on type 'Telco'.
src/legacy/demos/old/demo15.ts(137,25): error TS2554: Expected 0 arguments, but got 1.
src/legacy/demos/old/demo16.ts(1,34): error TS2307: Cannot find module '../tracks' or its corresponding type declarations.
src/legacy/demos/old/demo16.ts(2,29): error TS2307: Cannot find module './create-telco' or its corresponding type declarations.
src/legacy/demos/old/demo16.ts(3,26): error TS2307: Cannot find module '../tracks/timeline' or its corresponding type declarations.
src/legacy/demos/old/demo16.ts(5,34): error TS2307: Cannot find module '../types' or its corresponding type declarations.
src/legacy/demos/old/demo16.ts(6,55): error TS2307: Cannot find module '../common/constants' or its corresponding type declarations.
src/legacy/demos/old/demo16.ts(8,47): error TS2307: Cannot find module '../types' or its corresponding type declarations.
src/legacy/demos/old/demo16.ts(155,8): error TS2339: Property 'tracks' does not exist on type 'Telco'.
src/legacy/demos/old/demo16.ts(165,8): error TS2339: Property 'tracks' does not exist on type 'Telco'.
src/legacy/demos/old/demo16.ts(182,25): error TS2554: Expected 0 arguments, but got 1.
src/legacy/demos/old/demo17.ts(1,23): error TS2307: Cannot find module './telco' or its corresponding type declarations.
src/legacy/demos/old/demo17.ts(2,29): error TS2307: Cannot find module './create-telco' or its corresponding type declarations.
src/legacy/demos/old/demo17.ts(3,25): error TS2307: Cannot find module '../preload' or its corresponding type declarations.
src/legacy/demos/old/demo17.ts(5,39): error TS2307: Cannot find module '../types' or its corresponding type declarations.
src/legacy/demos/old/demo17.ts(6,81): error TS2307: Cannot find module '../common/constants' or its corresponding type declarations.
src/legacy/demos/old/demo17.ts(8,47): error TS2307: Cannot find module '../types' or its corresponding type declarations.
src/legacy/demos/old/demo18.ts(1,23): error TS2307: Cannot find module './telco' or its corresponding type declarations.
src/legacy/demos/old/demo18.ts(2,29): error TS2307: Cannot find module './create-telco' or its corresponding type declarations.
src/legacy/demos/old/demo18.ts(3,25): error TS2307: Cannot find module '../preload' or its corresponding type declarations.
src/legacy/demos/old/demo18.ts(5,39): error TS2307: Cannot find module '../types' or its corresponding type declarations.
src/legacy/demos/old/demo18.ts(6,81): error TS2307: Cannot find module '../common/constants' or its corresponding type declarations.
src/legacy/demos/old/demo18.ts(8,47): error TS2307: Cannot find module '../types' or its corresponding type declarations.
src/legacy/demos/old/demo18.ts(9,52): error TS2307: Cannot find module './cues_0230_04' or its corresponding type declarations.
src/legacy/demos/telco.ts(29,16): error TS2339: Property 'store' does not exist on type 'Set<string>'.
src/legacy/demos/telco.ts(31,18): error TS2339: Property 'store' does not exist on type 'Set<string>'.
src/legacy/demos/telco.ts(68,17): error TS2339: Property 'store' does not exist on type 'Set<string>'.
src/legacy/demos/telco.ts(69,19): error TS2339: Property 'store' does not exist on type 'Set<string>'.
src/legacy/demos/telco.ts(73,17): error TS2339: Property 'store' does not exist on type 'Set<string>'.
src/legacy/demos/telco.ts(74,19): error TS2339: Property 'store' does not exist on type 'Set<string>'.
src/legacy/render/components/layer.ts(13,18): error TS2339: Property 'store' does not exist on type 'Set<HTMLElement>'.
src/legacy/render/components/layer.ts(16,40): error TS2339: Property 'store' does not exist on type 'Set<HTMLElement>'.
src/legacy/tracks/index.ts(72,16): error TS2339: Property 'store' does not exist on type 'Set<number>'.
src/legacy/tracks/index.ts(219,42): error TS2339: Property 'store' does not exist on type 'Set<number>'.
src/legacy/tracks/timeline.ts(37,20): error TS2339: Property 'store' does not exist on type 'Set<(status: CbStatus) => void>'.
src/legacy/tracks/timeline.ts(38,20): error TS2339: Property 'store' does not exist on type 'Set<(status: CbStatus) => void>'.
src/legacy/tracks/track.ts(48,12): error TS2339: Property 'store' does not exist on type 'Set<string>'.
src/legacy/tracks/track.ts(53,14): error TS2339: Property 'store' does not exist on type 'Set<number>'.
