
> @vitreene/player@0.2.0 build
> tsc

../legacy/channels/channel-perso.ts(51,20): error TS2339: Property 'store' does not exist on type 'Set<string>'.
../legacy/clock.ts(65,42): error TS2339: Property 'store' does not exist on type 'Set<Cb>'.
../legacy/clock.ts(99,7): error TS2339: Property 'store' does not exist on type 'Set<Cb>'.
../legacy/clock.ts(107,13): error TS2339: Property 'store' does not exist on type 'Set<Cb>'.
../legacy/clock.ts(113,56): error TS2339: Property 'store' does not exist on type 'Set<Cb>'.
../legacy/clock.ts(121,13): error TS2339: Property 'store' does not exist on type 'Set<Cb>'.
../legacy/render/components/layer.ts(13,18): error TS2339: Property 'store' does not exist on type 'Set<HTMLElement>'.
../legacy/render/components/layer.ts(16,40): error TS2339: Property 'store' does not exist on type 'Set<HTMLElement>'.
../legacy/tracks/index.ts(79,16): error TS2339: Property 'store' does not exist on type 'Set<number>'.
../legacy/tracks/index.ts(229,42): error TS2339: Property 'store' does not exist on type 'Set<number>'.
../legacy/tracks/timeline.ts(37,20): error TS2339: Property 'store' does not exist on type 'Set<(status: CbStatus) => void>'.
../legacy/tracks/timeline.ts(38,20): error TS2339: Property 'store' does not exist on type 'Set<(status: CbStatus) => void>'.
../legacy/tracks/track.ts(48,12): error TS2339: Property 'store' does not exist on type 'Set<string>'.
../legacy/tracks/track.ts(53,14): error TS2339: Property 'store' does not exist on type 'Set<number>'.
../node_modules/csstype/index.d.ts(8898,18): error TS2430: Interface 'Properties<TLength, TTime>' incorrectly extends interface 'StandardProperties<TLength, TTime>'.
  Types of property 'rotate' are incompatible.
    Type 'number | Rotate' is not assignable to type 'Rotate'.
      Type 'number' is not assignable to type 'Rotate'.
../node_modules/csstype/index.d.ts(17793,18): error TS2430: Interface 'PropertiesHyphen<TLength, TTime>' incorrectly extends interface 'StandardPropertiesHyphen<TLength, TTime>'.
  Types of property 'rotate' are incompatible.
    Type 'number | Rotate' is not assignable to type 'Rotate'.
src/easing/utils/create-generator-easing.ts(1,24): error TS2307: Cannot find module '../../animation/generators/spring' or its corresponding type declarations.
src/easing/utils/create-generator-easing.ts(5,8): error TS2307: Cannot find module '../../animation/generators/utils/calc-duration' or its corresponding type declarations.
src/easing/utils/create-generator-easing.ts(6,28): error TS2307: Cannot find module '../../animation/types' or its corresponding type declarations.
src/easing/utils/create-generator-easing.ts(7,39): error TS2307: Cannot find module '../../utils/time-conversion' or its corresponding type declarations.
src/easing/utils/get-easing-for-segment.ts(1,22): error TS2307: Cannot find module '../../utils/wrap' or its corresponding type declarations.
npm ERR! Lifecycle script `build` failed with error: 
npm ERR! Error: command failed 
npm ERR!   in workspace: @vitreene/player@0.2.0 
npm ERR!   at location: /Users/h-mac/Projets/vitreene/timeline/player 
